<?xml version="1.0" encoding="UTF-8"?>
<!-- Generated by org.testng.reporters.JUnitXMLReporter -->
<testsuite hostname="DESKTOP-IQ6DGSE" ignored="0" name="Default test" tests="3" failures="0" timestamp="2022-10-12T03:23:41 PDT" time="60.978" errors="0">
  <testcase name="loginPageNavigationTest" time="5.684" classname="com.qa.opencart.tests.LoginPageTest"/>
  <testcase name="forgorPwdLinkExistTest" time="1.434" classname="com.qa.opencart.tests.LoginPageTest"/>
  <testcase name="appLoginTest" time="3.558" classname="com.qa.opencart.tests.LoginPageTest"/>
</testsuite> <!-- Default test -->
