<?xml version="1.0" encoding="UTF-8"?>
<!-- Generated by org.testng.reporters.JUnitXMLReporter -->
<testsuite hostname="DESKTOP-IQ6DGSE" ignored="0" name="Test" tests="5" failures="0" timestamp="2022-09-13T14:36:02 PDT" time="331.88" errors="0">
  <testcase name="homePageTitleTest" time="0.261" classname="com.qa.opencart.tests.HomePageTest"/>
  <testcase name="homePageUrlTest" time="0.015" classname="com.qa.opencart.tests.HomePageTest"/>
  <testcase name="searchTest" time="2.023" classname="com.qa.opencart.tests.HomePageTest"/>
  <testcase name="searchTest" time="1.285" classname="com.qa.opencart.tests.HomePageTest"/>
  <testcase name="searchTest" time="1.145" classname="com.qa.opencart.tests.HomePageTest"/>
</testsuite> <!-- Test -->
