<?xml version="1.0" encoding="UTF-8"?>
<!-- Generated by org.testng.reporters.JUnitXMLReporter -->
<testsuite hostname="DESKTOP-IQ6DGSE" ignored="0" name="Open Cart Home Page Test1" tests="8" failures="0" timestamp="2022-10-12T05:49:36 PDT" time="36.336" errors="0">
  <testcase name="homePageTitleTest" time="0.186" classname="com.qa.opencart.tests.HomePageTest"/>
  <testcase name="homePageUrlTest" time="0.028" classname="com.qa.opencart.tests.HomePageTest"/>
  <testcase name="loginPageNavigationTest" time="2.514" classname="com.qa.opencart.tests.LoginPageTest"/>
  <testcase name="searchTest" time="2.806" classname="com.qa.opencart.tests.HomePageTest"/>
  <testcase name="forgorPwdLinkExistTest" time="0.838" classname="com.qa.opencart.tests.LoginPageTest"/>
  <testcase name="searchTest" time="1.809" classname="com.qa.opencart.tests.HomePageTest"/>
  <testcase name="searchTest" time="2.525" classname="com.qa.opencart.tests.HomePageTest"/>
  <testcase name="appLoginTest" time="4.319" classname="com.qa.opencart.tests.LoginPageTest"/>
</testsuite> <!-- Open Cart Home Page Test1 -->
