<?xml version="1.0" encoding="UTF-8"?>
<testng-results skipped="0" failed="0" ignored="0" total="8" passed="8">
  <reporter-output>
  </reporter-output>
  <suite name="Open Cart Test Regression PW Suite" duration-ms="36352" started-at="2022-10-12T05:48:59 PDT" finished-at="2022-10-12T05:49:36 PDT">
    <groups>
    </groups>
    <test name="Open Cart Home Page Test1" duration-ms="36336" started-at="2022-10-12T05:48:59 PDT" finished-at="2022-10-12T05:49:36 PDT">
      <class name="com.qa.opencart.tests.LoginPageTest">
        <test-method status="PASS" signature="setUp()[pri:0, instance:com.qa.opencart.tests.LoginPageTest@694e1548]" name="setUp" is-config="true" duration-ms="26278" started-at="2022-10-12T05:48:59 PDT" finished-at="2022-10-12T05:49:26 PDT">
          <reporter-output>
          </reporter-output>
        </test-method> <!-- setUp -->
        <test-method status="PASS" signature="loginPageNavigationTest()[pri:1, instance:com.qa.opencart.tests.LoginPageTest@694e1548]" name="loginPageNavigationTest" duration-ms="2514" started-at="2022-10-12T05:49:26 PDT" finished-at="2022-10-12T05:49:28 PDT">
          <reporter-output>
          </reporter-output>
        </test-method> <!-- loginPageNavigationTest -->
        <test-method status="PASS" signature="forgorPwdLinkExistTest()[pri:2, instance:com.qa.opencart.tests.LoginPageTest@694e1548]" name="forgorPwdLinkExistTest" duration-ms="838" started-at="2022-10-12T05:49:28 PDT" finished-at="2022-10-12T05:49:29 PDT">
          <reporter-output>
          </reporter-output>
        </test-method> <!-- forgorPwdLinkExistTest -->
        <test-method status="PASS" signature="appLoginTest()[pri:3, instance:com.qa.opencart.tests.LoginPageTest@694e1548]" name="appLoginTest" duration-ms="4319" started-at="2022-10-12T05:49:29 PDT" finished-at="2022-10-12T05:49:34 PDT">
          <reporter-output>
          </reporter-output>
        </test-method> <!-- appLoginTest -->
        <test-method status="PASS" signature="tearDown()[pri:0, instance:com.qa.opencart.tests.LoginPageTest@694e1548]" name="tearDown" is-config="true" duration-ms="1940" started-at="2022-10-12T05:49:34 PDT" finished-at="2022-10-12T05:49:36 PDT">
          <reporter-output>
          </reporter-output>
        </test-method> <!-- tearDown -->
      </class> <!-- com.qa.opencart.tests.LoginPageTest -->
    </test> <!-- Open Cart Home Page Test1 -->
    <test name="Open Cart Home Page Test" duration-ms="36337" started-at="2022-10-12T05:48:59 PDT" finished-at="2022-10-12T05:49:36 PDT">
      <class name="com.qa.opencart.tests.HomePageTest">
        <test-method status="PASS" signature="setUp()[pri:0, instance:com.qa.opencart.tests.HomePageTest@578486a3]" name="setUp" is-config="true" duration-ms="26723" started-at="2022-10-12T05:48:59 PDT" finished-at="2022-10-12T05:49:26 PDT">
          <reporter-output>
          </reporter-output>
        </test-method> <!-- setUp -->
        <test-method status="PASS" signature="homePageTitleTest()[pri:0, instance:com.qa.opencart.tests.HomePageTest@578486a3]" name="homePageTitleTest" duration-ms="186" started-at="2022-10-12T05:49:26 PDT" finished-at="2022-10-12T05:49:26 PDT">
          <reporter-output>
          </reporter-output>
        </test-method> <!-- homePageTitleTest -->
        <test-method status="PASS" signature="homePageUrlTest()[pri:0, instance:com.qa.opencart.tests.HomePageTest@578486a3]" name="homePageUrlTest" duration-ms="28" started-at="2022-10-12T05:49:26 PDT" finished-at="2022-10-12T05:49:26 PDT">
          <reporter-output>
          </reporter-output>
        </test-method> <!-- homePageUrlTest -->
        <test-method status="PASS" signature="searchTest(java.lang.String)[pri:0, instance:com.qa.opencart.tests.HomePageTest@578486a3]" name="searchTest" duration-ms="2806" started-at="2022-10-12T05:49:26 PDT" data-provider="productName" finished-at="2022-10-12T05:49:29 PDT">
          <params>
            <param index="0">
              <value>
                <![CDATA[Macbook]]>
              </value>
            </param>
          </params>
          <reporter-output>
          </reporter-output>
        </test-method> <!-- searchTest -->
        <test-method status="PASS" signature="searchTest(java.lang.String)[pri:0, instance:com.qa.opencart.tests.HomePageTest@578486a3]" name="searchTest" duration-ms="1809" started-at="2022-10-12T05:49:29 PDT" data-provider="productName" finished-at="2022-10-12T05:49:31 PDT">
          <params>
            <param index="0">
              <value>
                <![CDATA[iMac]]>
              </value>
            </param>
          </params>
          <reporter-output>
          </reporter-output>
        </test-method> <!-- searchTest -->
        <test-method status="PASS" signature="searchTest(java.lang.String)[pri:0, instance:com.qa.opencart.tests.HomePageTest@578486a3]" name="searchTest" duration-ms="2525" started-at="2022-10-12T05:49:31 PDT" data-provider="productName" finished-at="2022-10-12T05:49:33 PDT">
          <params>
            <param index="0">
              <value>
                <![CDATA[iPhone]]>
              </value>
            </param>
          </params>
          <reporter-output>
          </reporter-output>
        </test-method> <!-- searchTest -->
        <test-method status="PASS" signature="tearDown()[pri:0, instance:com.qa.opencart.tests.HomePageTest@578486a3]" name="tearDown" is-config="true" duration-ms="2071" started-at="2022-10-12T05:49:33 PDT" finished-at="2022-10-12T05:49:36 PDT">
          <reporter-output>
          </reporter-output>
        </test-method> <!-- tearDown -->
      </class> <!-- com.qa.opencart.tests.HomePageTest -->
    </test> <!-- Open Cart Home Page Test -->
  </suite> <!-- Open Cart Test Regression PW Suite -->
</testng-results>
